#
# A fatal error has been detected by the Java Runtime Environment:
#
#  EXCEPTION_ACCESS_VIOLATION (0xc0000005) at pc=0x000000006f00a385, pid=1344, tid=0x00000000000021c0
#
# JRE version: OpenJDK Runtime Environment (8.0_242-b01) (build 1.8.0_242-release-1644-b01)
# Java VM: OpenJDK 64-Bit Server VM (25.242-b01 mixed mode windows-amd64 compressed oops)
# Problematic frame:
# V  [jvm.dll+0x8a385]
#
# Failed to write core dump. Minidumps are not enabled by default on client versions of Windows
#
# If you would like to submit a bug report, please visit:
#   
#

---------------  T H R E A D  ---------------

Current thread (0x0000000017456000):  VMThread [stack: 0x00000000184e0000,0x00000000185e0000] [id=8640]

siginfo: ExceptionCode=0xc0000005, reading address 0x000000030000017e

Registers:
RAX=0x00000000ffffffff, RBX=0x000000030000016e, RCX=0x0000000000000010, RDX=0x0000000000000000
RSP=0x00000000185ded80, RBP=0x00000000185deef0, RSI=0x00000000000003d8, RDI=0x0000000002810570
R8 =0x0000000024b8ab90, R9 =0x0000000000000004, R10=0x0000000000000004, R11=0x0000000000000004
R12=0x0000000000000000, R13=0x0000000000000000, R14=0x0000000000000000, R15=0x00000000174554f0
RIP=0x000000006f00a385, EFLAGS=0x0000000000010246

Top of Stack: (sp=0x00000000185ded80)
0x00000000185ded80:   00000000185deef0 00000000000003d8
0x00000000185ded90:   0000000002810570 000000006f1a4458
0x00000000185deda0:   00000000000003d8 0000000002810580
0x00000000185dedb0:   0000000002810958 00000000185dee50
0x00000000185dedc0:   000000001fcfeff0 0000000003d59844
0x00000000185dedd0:   0000000003d5ffff 0000000000000000
0x00000000185dede0:   000000001fcff120 0000000000000000
0x00000000185dedf0:   0000000000000000 00000010e9d50760
0x00000000185dee00:   0000000000000000 00000000185def20
0x00000000185dee10:   0000000032acee30 00000000185deef0
0x00000000185dee20:   00000000185deec0 000000006f22bd10
0x00000000185dee30:   00000000185deef0 00000000185def20
0x00000000185dee40:   0000000002810570 00000000174554f0
0x00000000185dee50:   0000000000000000 0000000000000000
0x00000000185dee60:   000000006f6f7578 000000006f22c02b
0x00000000185dee70:   00000000185deec0 0000000000000000 

Instructions: (pc=0x000000006f00a385)
0x000000006f00a365:   24 20 e8 c4 ff fd ff 45 33 ed 48 8b d8 83 c8 ff
0x000000006f00a375:   33 d2 8d 48 11 66 44 89 6c 24 4e 66 89 44 24 50
0x000000006f00a385:   4c 39 6b 10 75 1d e8 40 de 03 00 48 8b e8 48 85
0x000000006f00a395:   c0 74 2b 48 8b 4b 18 48 8b 11 44 89 68 08 48 89 


Register to memory mapping:

RAX=0x00000000ffffffff is an unallocated location in the heap
RBX=0x000000030000016e is an unknown value
RCX=0x0000000000000010 is an unknown value
RDX=0x0000000000000000 is an unknown value
RSP=0x00000000185ded80 is an unknown value
RBP=0x00000000185deef0 is an unknown value
RSI=0x00000000000003d8 is an unknown value
RDI=0x0000000002810570 is an unknown value
R8 =0x0000000024b8ab90 is an unknown value
R9 =0x0000000000000004 is an unknown value
R10=0x0000000000000004 is an unknown value
R11=0x0000000000000004 is an unknown value
R12=0x0000000000000000 is an unknown value
R13=0x0000000000000000 is an unknown value
R14=0x0000000000000000 is an unknown value
R15=0x00000000174554f0 is an unknown value


Stack: [0x00000000184e0000,0x00000000185e0000],  sp=0x00000000185ded80,  free space=1019k
Native frames: (J=compiled Java code, j=interpreted, Vv=VM code, C=native code)
V  [jvm.dll+0x8a385]
V  [jvm.dll+0x2abd10]
V  [jvm.dll+0x2ac02b]
V  [jvm.dll+0x21d4b4]
V  [jvm.dll+0x216545]
V  [jvm.dll+0x2057f2]
V  [jvm.dll+0x206dc0]
V  [jvm.dll+0x226b6f]
V  [jvm.dll+0x226f40]
V  [jvm.dll+0x27276a]
C  [msvcr100.dll+0x21d9f]
C  [msvcr100.dll+0x21e3b]
C  [KERNEL32.DLL+0x17034]
C  [ntdll.dll+0x52651]


---------------  P R O C E S S  ---------------

Java Threads: ( => current thread )
  0x000000001f1b3800 JavaThread "Cache worker for execution history cache (C:\Users\singh\AndroidStudioProjects\Hackathon-TSEC-\.gradle\6.5\executionHistory)" [_thread_blocked, id=10724, stack(0x00000000361d0000,0x00000000362d0000)]
  0x000000001f1b3000 JavaThread "Execution worker for ':' Thread 3" [_thread_blocked, id=9436, stack(0x00000000360d0000,0x00000000361d0000)]
  0x000000001f1b4800 JavaThread "Execution worker for ':' Thread 2" [_thread_blocked, id=2796, stack(0x0000000035fd0000,0x00000000360d0000)]
  0x000000001f1b1800 JavaThread "Execution worker for ':'" [_thread_blocked, id=5416, stack(0x0000000035ed0000,0x0000000035fd0000)]
  0x000000001f1b8000 JavaThread "Cache worker for file content cache (C:\Users\singh\AndroidStudioProjects\Hackathon-TSEC-\.gradle\6.5\fileContent)" [_thread_blocked, id=6704, stack(0x0000000035dd0000,0x0000000035ed0000)]
  0x000000001f1b0800 JavaThread "pool-42-thread-1" [_thread_blocked, id=828, stack(0x0000000035cd0000,0x0000000035dd0000)]
  0x000000001f1b5000 JavaThread "Cache worker for Build Output Cleanup Cache (C:\Users\singh\AndroidStudioProjects\Hackathon-TSEC-\.gradle\buildOutputCleanup)" [_thread_blocked, id=11940, stack(0x00000000359d0000,0x0000000035ad0000)]
  0x000000001f1b6800 JavaThread "jar transforms Thread 1692" [_thread_blocked, id=2172, stack(0x00000000358d0000,0x00000000359d0000)]
  0x000000001f1b6000 JavaThread "jar transforms Thread 1691" [_thread_blocked, id=2272, stack(0x00000000357d0000,0x00000000358d0000)]
  0x000000001f1b0000 JavaThread "jar transforms Thread 1690" [_thread_blocked, id=3456, stack(0x00000000356d0000,0x00000000357d0000)]
  0x000000001f1af000 JavaThread "jar transforms Thread 1689" [_thread_blocked, id=11524, stack(0x00000000355d0000,0x00000000356d0000)]
  0x000000001d792800 JavaThread "jar transforms Thread 1688" [_thread_blocked, id=8488, stack(0x00000000354d0000,0x00000000355d0000)]
  0x000000001d791800 JavaThread "jar transforms Thread 1687" [_thread_blocked, id=3064, stack(0x00000000353d0000,0x00000000354d0000)]
  0x000000001d791000 JavaThread "jar transforms Thread 1686" [_thread_blocked, id=5924, stack(0x00000000352d0000,0x00000000353d0000)]
  0x000000001d790000 JavaThread "jar transforms Thread 1685" [_thread_blocked, id=11832, stack(0x00000000351d0000,0x00000000352d0000)]
  0x000000001d78e000 JavaThread "jar transforms Thread 1684" [_thread_blocked, id=10612, stack(0x00000000350d0000,0x00000000351d0000)]
  0x000000001d78f800 JavaThread "jar transforms Thread 1683" [_thread_blocked, id=11080, stack(0x0000000034fd0000,0x00000000350d0000)]
  0x000000001d786800 JavaThread "jar transforms Thread 1682" [_thread_blocked, id=4572, stack(0x0000000034ed0000,0x0000000034fd0000)]
  0x000000001d78d000 JavaThread "jar transforms Thread 1681" [_thread_blocked, id=10496, stack(0x0000000034dd0000,0x0000000034ed0000)]
  0x000000001d78c800 JavaThread "jar transforms Thread 1680" [_thread_blocked, id=4236, stack(0x0000000034cd0000,0x0000000034dd0000)]
  0x000000001d78b800 JavaThread "jar transforms Thread 1679" [_thread_blocked, id=10920, stack(0x0000000034bd0000,0x0000000034cd0000)]
  0x000000001d784000 JavaThread "jar transforms Thread 1678" [_thread_blocked, id=10288, stack(0x0000000034ad0000,0x0000000034bd0000)]
  0x000000001d785000 JavaThread "jar transforms Thread 1677" [_thread_blocked, id=7212, stack(0x00000000349d0000,0x0000000034ad0000)]
  0x000000001d789800 JavaThread "jar transforms Thread 1676" [_thread_blocked, id=11020, stack(0x00000000348d0000,0x00000000349d0000)]
  0x000000001d785800 JavaThread "jar transforms Thread 1675" [_thread_blocked, id=10320, stack(0x00000000347d0000,0x00000000348d0000)]
  0x000000001d78b000 JavaThread "jar transforms Thread 1674" [_thread_blocked, id=1716, stack(0x00000000346d0000,0x00000000347d0000)]
  0x000000001d788800 JavaThread "jar transforms Thread 1673" [_thread_blocked, id=11800, stack(0x00000000345d0000,0x00000000346d0000)]
  0x000000001d783800 JavaThread "jar transforms Thread 1672" [_thread_blocked, id=2356, stack(0x00000000344d0000,0x00000000345d0000)]
  0x000000001d788000 JavaThread "jar transforms Thread 1671" [_thread_blocked, id=10596, stack(0x00000000343d0000,0x00000000344d0000)]
  0x000000001d78a000 JavaThread "jar transforms Thread 1670" [_thread_blocked, id=4648, stack(0x00000000342d0000,0x00000000343d0000)]
  0x000000002f900800 JavaThread "jar transforms Thread 1669" [_thread_blocked, id=3852, stack(0x00000000341d0000,0x00000000342d0000)]
  0x000000002f8fe000 JavaThread "jar transforms Thread 1668" [_thread_blocked, id=11544, stack(0x00000000340d0000,0x00000000341d0000)]
  0x000000002f8fc800 JavaThread "jar transforms Thread 1667" [_thread_blocked, id=4708, stack(0x0000000033fd0000,0x00000000340d0000)]
  0x000000002f8fc000 JavaThread "jar transforms Thread 1666" [_thread_blocked, id=12204, stack(0x0000000033ed0000,0x0000000033fd0000)]
  0x000000002f8ff800 JavaThread "jar transforms Thread 1665" [_thread_blocked, id=11752, stack(0x0000000033dd0000,0x0000000033ed0000)]
  0x000000002f8ff000 JavaThread "jar transforms Thread 1664" [_thread_blocked, id=7232, stack(0x0000000033cd0000,0x0000000033dd0000)]
  0x000000002f8fb000 JavaThread "jar transforms Thread 1663" [_thread_blocked, id=12224, stack(0x0000000033bd0000,0x0000000033cd0000)]
  0x000000002f8f9800 JavaThread "jar transforms Thread 1662" [_thread_blocked, id=9152, stack(0x0000000033ad0000,0x0000000033bd0000)]
  0x000000002f8fd800 JavaThread "jar transforms Thread 1661" [_thread_blocked, id=5776, stack(0x00000000339d0000,0x0000000033ad0000)]
  0x000000002f8f9000 JavaThread "jar transforms Thread 1660" [_thread_blocked, id=3484, stack(0x00000000338d0000,0x00000000339d0000)]
  0x000000002f8f1800 JavaThread "jar transforms Thread 1659" [_thread_blocked, id=3228, stack(0x00000000337d0000,0x00000000338d0000)]
  0x000000002f8f7800 JavaThread "jar transforms Thread 1658" [_thread_blocked, id=11996, stack(0x00000000336d0000,0x00000000337d0000)]
  0x000000002f8f5000 JavaThread "jar transforms Thread 1657" [_thread_blocked, id=8468, stack(0x00000000335d0000,0x00000000336d0000)]
  0x000000002f8f6000 JavaThread "jar transforms Thread 1656" [_thread_blocked, id=9108, stack(0x00000000334d0000,0x00000000335d0000)]
  0x000000002f8f3800 JavaThread "jar transforms Thread 1655" [_thread_blocked, id=8692, stack(0x00000000333d0000,0x00000000334d0000)]
  0x000000002f8f4800 JavaThread "jar transforms Thread 1654" [_thread_blocked, id=10244, stack(0x00000000332d0000,0x00000000333d0000)]
  0x000000002f8f8000 JavaThread "jar transforms Thread 1653" [_thread_blocked, id=11004, stack(0x00000000331d0000,0x00000000332d0000)]
  0x000000002f8f6800 JavaThread "jar transforms Thread 1652" [_thread_blocked, id=10008, stack(0x00000000330d0000,0x00000000331d0000)]
  0x000000002f8f3000 JavaThread "jar transforms Thread 1651" [_thread_blocked, id=9324, stack(0x0000000032fd0000,0x00000000330d0000)]
  0x0000000019d8d800 JavaThread "jar transforms Thread 1650" [_thread_blocked, id=10472, stack(0x0000000032ed0000,0x0000000032fd0000)]
  0x0000000019d8d000 JavaThread "jar transforms Thread 1649" [_thread_blocked, id=9100, stack(0x0000000032dd0000,0x0000000032ed0000)]
  0x0000000019d84800 JavaThread "jar transforms Thread 1648" [_thread_blocked, id=236, stack(0x0000000032cd0000,0x0000000032dd0000)]
  0x0000000019d8b800 JavaThread "jar transforms Thread 1647" [_thread_blocked, id=10520, stack(0x0000000032bd0000,0x0000000032cd0000)]
  0x0000000019d8a800 JavaThread "jar transforms Thread 1646" [_thread_blocked, id=12240, stack(0x0000000032ad0000,0x0000000032bd0000)]
  0x0000000019d8a000 JavaThread "jar transforms Thread 1645" [_thread_blocked, id=11548, stack(0x00000000329d0000,0x0000000032ad0000)]
  0x0000000019d89000 JavaThread "jar transforms Thread 1644" [_thread_blocked, id=2684, stack(0x00000000328d0000,0x00000000329d0000)]
  0x0000000019d84000 JavaThread "jar transforms Thread 1643" [_thread_blocked, id=12072, stack(0x00000000327d0000,0x00000000328d0000)]
  0x0000000019d88800 JavaThread "jar transforms Thread 1642" [_thread_blocked, id=6252, stack(0x00000000326d0000,0x00000000327d0000)]
  0x0000000019d87000 JavaThread "jar transforms Thread 1641" [_thread_blocked, id=10184, stack(0x00000000325d0000,0x00000000326d0000)]
  0x0000000019d87800 JavaThread "jar transforms Thread 1640" [_thread_blocked, id=9088, stack(0x00000000324d0000,0x00000000325d0000)]
  0x0000000019d81800 JavaThread "jar transforms Thread 1639" [_thread_blocked, id=8400, stack(0x00000000323d0000,0x00000000324d0000)]
  0x0000000019d7f000 JavaThread "jar transforms Thread 1638" [_thread_blocked, id=1632, stack(0x00000000322d0000,0x00000000323d0000)]
  0x0000000019d85800 JavaThread "jar transforms Thread 1637" [_thread_blocked, id=7688, stack(0x00000000321d0000,0x00000000322d0000)]
  0x0000000019d83000 JavaThread "jar transforms Thread 1636" [_thread_blocked, id=11780, stack(0x00000000320d0000,0x00000000321d0000)]
  0x0000000019d82000 JavaThread "jar transforms Thread 1635" [_thread_blocked, id=11680, stack(0x0000000031fd0000,0x00000000320d0000)]
  0x0000000019d86000 JavaThread "jar transforms Thread 1634" [_thread_blocked, id=12008, stack(0x0000000031ed0000,0x0000000031fd0000)]
  0x0000000019d7e800 JavaThread "jar transforms Thread 1633" [_thread_blocked, id=7356, stack(0x0000000031dd0000,0x0000000031ed0000)]
  0x0000000019d80000 JavaThread "jar transforms Thread 1632" [_thread_blocked, id=1760, stack(0x0000000031cd0000,0x0000000031dd0000)]
  0x000000001ddd1800 JavaThread "jar transforms Thread 1631" [_thread_blocked, id=1460, stack(0x0000000031bd0000,0x0000000031cd0000)]
  0x000000001ddd0000 JavaThread "jar transforms Thread 1630" [_thread_blocked, id=12104, stack(0x0000000031ad0000,0x0000000031bd0000)]
  0x000000001ddd0800 JavaThread "jar transforms Thread 1629" [_thread_blocked, id=4536, stack(0x000000002d5c0000,0x000000002d6c0000)]
  0x000000001ddcf000 JavaThread "jar transforms Thread 1628" [_thread_blocked, id=12108, stack(0x000000002d4c0000,0x000000002d5c0000)]
  0x000000001ddce800 JavaThread "jar transforms Thread 1627" [_thread_blocked, id=6468, stack(0x000000002d3c0000,0x000000002d4c0000)]
  0x000000001ddcd800 JavaThread "jar transforms Thread 1626" [_thread_blocked, id=11920, stack(0x000000002d2c0000,0x000000002d3c0000)]
  0x000000001ddcd000 JavaThread "jar transforms Thread 1625" [_thread_blocked, id=12076, stack(0x000000002d1c0000,0x000000002d2c0000)]
  0x000000001ddc5800 JavaThread "jar transforms Thread 1624" [_thread_blocked, id=1532, stack(0x000000002d0c0000,0x000000002d1c0000)]
  0x000000001ddcc000 JavaThread "jar transforms Thread 1623" [_thread_blocked, id=9984, stack(0x000000002cfc0000,0x000000002d0c0000)]
  0x000000001ddc4800 JavaThread "jar transforms Thread 1622" [_thread_blocked, id=11672, stack(0x000000002cec0000,0x000000002cfc0000)]
  0x000000001ddc7800 JavaThread "jar transforms Thread 1621" [_thread_blocked, id=824, stack(0x000000002cdc0000,0x000000002cec0000)]
  0x000000001ddc6000 JavaThread "jar transforms Thread 1620" [_thread_blocked, id=11176, stack(0x000000002ccc0000,0x000000002cdc0000)]
  0x000000001ddcb800 JavaThread "jar transforms Thread 1619" [_thread_blocked, id=12252, stack(0x000000002cbc0000,0x000000002ccc0000)]
  0x000000001ddc4000 JavaThread "jar transforms Thread 1618" [_thread_blocked, id=6436, stack(0x000000002c8c0000,0x000000002c9c0000)]
  0x000000001ddca800 JavaThread "jar transforms Thread 1617" [_thread_blocked, id=4020, stack(0x000000002c7c0000,0x000000002c8c0000)]
  0x000000001ddc3000 JavaThread "jar transforms Thread 1616" [_thread_blocked, id=1588, stack(0x000000002c6c0000,0x000000002c7c0000)]
  0x000000001ddc7000 JavaThread "jar transforms Thread 1615" [_thread_blocked, id=10408, stack(0x000000002c5c0000,0x000000002c6c0000)]
  0x000000001ddca000 JavaThread "jar transforms Thread 1614" [_thread_blocked, id=11408, stack(0x000000002c4c0000,0x000000002c5c0000)]
  0x000000001ddc9000 JavaThread "jar transforms Thread 1613" [_thread_blocked, id=10524, stack(0x000000002b0f0000,0x000000002b1f0000)]
  0x000000001ddc8800 JavaThread "jar transforms Thread 1612" [_thread_blocked, id=10844, stack(0x000000002aff0000,0x000000002b0f0000)]
  0x00000000287f5000 JavaThread "jar transforms Thread 1611" [_thread_blocked, id=3516, stack(0x000000002a4f0000,0x000000002a5f0000)]
  0x00000000287f4000 JavaThread "jar transforms Thread 1610" [_thread_blocked, id=10648, stack(0x0000000029bf0000,0x0000000029cf0000)]
  0x00000000287f3800 JavaThread "jar transforms Thread 1609" [_thread_blocked, id=8560, stack(0x0000000028520000,0x0000000028620000)]
  0x00000000287f0800 JavaThread "jar transforms Thread 1608" [_thread_blocked, id=11968, stack(0x0000000027500000,0x0000000027600000)]
  0x00000000287f2800 JavaThread "jar transforms Thread 1607" [_thread_blocked, id=10468, stack(0x0000000027200000,0x0000000027300000)]
  0x00000000287f2000 JavaThread "jar transforms Thread 1606" [_thread_blocked, id=3436, stack(0x0000000026e40000,0x0000000026f40000)]
  0x00000000287ef800 JavaThread "jar transforms Thread 1605" [_thread_blocked, id=836, stack(0x0000000026d40000,0x0000000026e40000)]
  0x00000000287f6800 JavaThread "jar transforms Thread 1604" [_thread_blocked, id=9012, stack(0x0000000026c40000,0x0000000026d40000)]
  0x00000000287f5800 JavaThread "jar transforms Thread 1603" [_thread_blocked, id=11360, stack(0x0000000026b40000,0x0000000026c40000)]
  0x00000000287f1000 JavaThread "jar transforms Thread 1602" [_thread_blocked, id=7200, stack(0x0000000022300000,0x0000000022400000)]
  0x00000000287e8000 JavaThread "jar transforms Thread 1601" [_thread_blocked, id=10852, stack(0x0000000022000000,0x0000000022100000)]
  0x00000000287ec800 JavaThread "jar transforms Thread 1600" [_thread_blocked, id=11312, stack(0x0000000021f00000,0x0000000022000000)]
  0x00000000287e9800 JavaThread "jar transforms Thread 1599" [_thread_blocked, id=12080, stack(0x0000000021200000,0x0000000021300000)]
  0x00000000287ec000 JavaThread "Build operations Thread 4" [_thread_blocked, id=3700, stack(0x0000000020f00000,0x0000000021000000)]
  0x00000000287ef000 JavaThread "Build operations Thread 3" [_thread_blocked, id=6948, stack(0x0000000020e00000,0x0000000020f00000)]
  0x00000000287ed800 JavaThread "Build operations Thread 2" [_thread_blocked, id=10992, stack(0x0000000020600000,0x0000000020700000)]
  0x00000000287e7000 JavaThread "Build operations" [_thread_blocked, id=8764, stack(0x000000001fc00000,0x000000001fd00000)]
  0x00000000287ee000 JavaThread "Cache worker for cache directory md-rule (C:\Users\singh\.gradle\caches\6.5\md-rule)" [_thread_blocked, id=11904, stack(0x000000001e6d0000,0x000000001e7d0000)]
  0x00000000287ea800 JavaThread "Cache worker for cache directory md-supplier (C:\Users\singh\.gradle\caches\6.5\md-supplier)" [_thread_blocked, id=2424, stack(0x000000001cf00000,0x000000001d000000)]
  0x00000000287e8800 JavaThread "Cache worker for checksums cache (C:\Users\singh\AndroidStudioProjects\Hackathon-TSEC-\.gradle\checksums)" [_thread_blocked, id=10536, stack(0x000000001ce00000,0x000000001cf00000)]
  0x0000000019bc2000 JavaThread "Cache worker for file hash cache (C:\Users\singh\AndroidStudioProjects\Hackathon-TSEC-\.gradle\6.5\fileHashes)" [_thread_blocked, id=11296, stack(0x000000001cd00000,0x000000001ce00000)]
  0x0000000019bc0000 JavaThread "Thread-2016" [_thread_blocked, id=8380, stack(0x000000001cc00000,0x000000001cd00000)]
  0x0000000019bbf800 JavaThread "Stdin handler" [_thread_blocked, id=9072, stack(0x000000001c700000,0x000000001c800000)]
  0x0000000019bbd000 JavaThread "Asynchronous log dispatcher for DefaultDaemonConnection: socket connection from /127.0.0.1:49911 to /127.0.0.1:61758" [_thread_blocked, id=11944, stack(0x000000001c2c0000,0x000000001c3c0000)]
  0x0000000019bbe800 JavaThread "Daemon worker Thread 15" [_thread_blocked, id=10644, stack(0x000000001c1c0000,0x000000001c2c0000)]
  0x0000000019bbe000 JavaThread "Cancel handler" [_thread_blocked, id=1620, stack(0x0000000000c30000,0x0000000000d30000)]
  0x0000000019bb4000 JavaThread "Handler for socket connection from /127.0.0.1:49911 to /127.0.0.1:61758" [_thread_in_native, id=7336, stack(0x0000000000b30000,0x0000000000c30000)]
  0x0000000019bb3800 JavaThread "Daemon Thread 15" [_thread_blocked, id=3792, stack(0x0000000000a30000,0x0000000000b30000)]
  0x000000001f0a3800 JavaThread "Cache worker for Java compile cache (C:\Users\singh\.gradle\caches\6.5\javaCompile)" [_thread_blocked, id=11748, stack(0x0000000021e00000,0x0000000021f00000)]
  0x000000001f09d000 JavaThread "Memory manager" [_thread_blocked, id=2772, stack(0x0000000027a00000,0x0000000027b00000)]
  0x00000000174af000 JavaThread "Cache worker for file content cache (C:\Users\singh\.gradle\caches\6.5\fileContent)" [_thread_blocked, id=8384, stack(0x0000000020700000,0x0000000020800000)]
  0x00000000174ae000 JavaThread "Cache worker for execution history cache (C:\Users\singh\.gradle\caches\6.5\executionHistory)" [_thread_blocked, id=9416, stack(0x000000001ff00000,0x0000000020000000)]
  0x00000000174ac000 JavaThread "Cache worker for file hash cache (C:\Users\singh\.gradle\caches\6.5\fileHashes)" [_thread_blocked, id=6720, stack(0x000000001d400000,0x000000001d500000)]
  0x00000000174b0800 JavaThread "File lock request listener" [_thread_in_native, id=9044, stack(0x000000001d300000,0x000000001d400000)]
  0x000000001957c800 JavaThread "Cache worker for journal cache (C:\Users\singh\.gradle\caches\journal-1)" [_thread_blocked, id=212, stack(0x000000001d200000,0x000000001d300000)]
  0x000000001ac1d800 JavaThread "Daemon periodic checks" [_thread_blocked, id=8672, stack(0x000000001c600000,0x000000001c700000)]
  0x000000001ac1c800 JavaThread "Incoming local TCP Connector on port 49911" [_thread_in_native, id=328, stack(0x000000001c3c0000,0x000000001c4c0000)]
  0x000000001abf2800 JavaThread "Daemon health stats" [_thread_blocked, id=1312, stack(0x000000001bd80000,0x000000001be80000)]
  0x0000000018e28800 JavaThread "Service Thread" daemon [_thread_blocked, id=5160, stack(0x00000000191e0000,0x00000000192e0000)]
  0x00000000174b1000 JavaThread "C1 CompilerThread2" daemon [_thread_blocked, id=6908, stack(0x0000000018ce0000,0x0000000018de0000)]
  0x000000001749b800 JavaThread "C2 CompilerThread1" daemon [_thread_blocked, id=3964, stack(0x0000000018be0000,0x0000000018ce0000)]
  0x0000000017498000 JavaThread "C2 CompilerThread0" daemon [_thread_blocked, id=6896, stack(0x0000000018ae0000,0x0000000018be0000)]
  0x0000000017495800 JavaThread "Attach Listener" daemon [_thread_blocked, id=6480, stack(0x00000000189e0000,0x0000000018ae0000)]
  0x0000000017494800 JavaThread "Signal Dispatcher" daemon [_thread_blocked, id=9212, stack(0x00000000188e0000,0x00000000189e0000)]
  0x000000000286c800 JavaThread "Finalizer" daemon [_thread_blocked, id=1032, stack(0x00000000186e0000,0x00000000187e0000)]
  0x0000000017479800 JavaThread "Reference Handler" daemon [_thread_blocked, id=5664, stack(0x00000000185e0000,0x00000000186e0000)]
  0x000000000276e000 JavaThread "main" [_thread_blocked, id=5088, stack(0x00000000025e0000,0x00000000026e0000)]

Other Threads:
=>0x0000000017456000 VMThread [stack: 0x00000000184e0000,0x00000000185e0000] [id=8640]
  0x00000000174ea000 WatcherThread [stack: 0x00000000192e0000,0x00000000193e0000] [id=3980]

VM state:at safepoint (normal execution)

VM Mutex/Monitor currently owned by a thread:  ([mutex/lock_event])
[0x000000000276d290] Safepoint_lock - owner thread: 0x0000000017456000
[0x000000000276c610] Threads_lock - owner thread: 0x0000000017456000

heap address: 0x0000000080000000, size: 2048 MB, Compressed Oops mode: 32-bit
Narrow klass base: 0x0000000000000000, Narrow klass shift: 3
Compressed class space size: 1073741824 Address: 0x0000000100000000

Heap:
 PSYoungGen      total 608256K, used 384746K [0x00000000d5580000, 0x00000000ff600000, 0x0000000100000000)
  eden space 525824K, 70% used [0x00000000d5580000,0x00000000ebe7e4a0,0x00000000f5700000)
  from space 82432K, 18% used [0x00000000fa580000,0x00000000fb43c758,0x00000000ff600000)
  to   space 80384K, 0% used [0x00000000f5700000,0x00000000f5700000,0x00000000fa580000)
 ParOldGen       total 249344K, used 192970K [0x0000000080000000, 0x000000008f380000, 0x00000000d5580000)
  object space 249344K, 77% used [0x0000000080000000,0x000000008bc72848,0x000000008f380000)
 Metaspace       used 123125K, capacity 131690K, committed 132632K, reserved 1165312K
  class space    used 15589K, capacity 17038K, committed 17456K, reserved 1048576K

Card table byte_map: [0x0000000011c30000,0x0000000012040000] byte_map_base: 0x0000000011830000

Marking Bits: (ParMarkBitMap*) 0x000000006f74f030
 Begin Bits: [0x00000000126f0000, 0x00000000146f0000)
 End Bits:   [0x00000000146f0000, 0x00000000166f0000)

Polling page: 0x0000000002500000

CodeCache: size=245760Kb used=98723Kb max_used=98739Kb free=147036Kb
 bounds [0x0000000002870000, 0x0000000008990000, 0x0000000011870000]
 total_blobs=26954 nmethods=25986 adapters=879
 compilation: enabled

Compilation events (10 events):
Event: 9362.070 Thread 0x00000000174b1000 nmethod 36660 0x000000000867a3d0 code [0x000000000867a580, 0x000000000867a878]
Event: 9362.074 Thread 0x00000000174b1000 36661       2       org.gradle.internal.snapshot.MerkleDirectorySnapshotBuilder::postVisitDirectory (208 bytes)
Event: 9362.266 Thread 0x00000000174b1000 nmethod 36661 0x0000000004773110 code [0x0000000004773480, 0x0000000004774438]
Event: 9362.266 Thread 0x00000000174b1000 36662       2       org.gradle.internal.snapshot.impl.DirectorySnapshotter$PathVisitor::postVisitDirectory (10 bytes)
Event: 9362.267 Thread 0x00000000174b1000 nmethod 36662 0x00000000047b39d0 code [0x00000000047b3b40, 0x00000000047b3d08]
Event: 9362.462 Thread 0x000000001749b800 nmethod 36653 0x000000000892cdd0 code [0x000000000892d1c0, 0x000000000892f8c0]
Event: 9362.462 Thread 0x000000001749b800 36639       4       com.google.common.collect.ImmutableCollection$Builder::<init> (5 bytes)
Event: 9362.463 Thread 0x000000001749b800 nmethod 36639 0x0000000005481610 code [0x0000000005481740, 0x0000000005481798]
Event: 9362.463 Thread 0x000000001749b800 36657       4       org.gradle.internal.hash.Hashing::newHasher (9 bytes)
Event: 9362.481 Thread 0x000000001749b800 nmethod 36657 0x0000000004747590 code [0x0000000004747740, 0x0000000004747f38]

GC Heap History (10 events):
Event: 6700.693 GC heap before
{Heap before GC invocations=76 (full 6):
 PSYoungGen      total 602624K, used 602602K [0x00000000d5580000, 0x0000000100000000, 0x0000000100000000)
  eden space 520192K, 100% used [0x00000000d5580000,0x00000000f5180000,0x00000000f5180000)
  from space 82432K, 99% used [0x00000000f5180000,0x00000000fa1fabc8,0x00000000fa200000)
  to   space 96256K, 0% used [0x00000000fa200000,0x00000000fa200000,0x0000000100000000)
 ParOldGen       total 249344K, used 159493K [0x0000000080000000, 0x000000008f380000, 0x00000000d5580000)
  object space 249344K, 63% used [0x0000000080000000,0x0000000089bc14d0,0x000000008f380000)
 Metaspace       used 120716K, capacity 126952K, committed 129944K, reserved 1163264K
  class space    used 15210K, capacity 16374K, committed 17072K, reserved 1048576K
Event: 6700.858 GC heap after
Heap after GC invocations=76 (full 6):
 PSYoungGen      total 603136K, used 18418K [0x00000000d5580000, 0x0000000100000000, 0x0000000100000000)
  eden space 506880K, 0% used [0x00000000d5580000,0x00000000d5580000,0x00000000f4480000)
  from space 96256K, 19% used [0x00000000fa200000,0x00000000fb3fcb98,0x0000000100000000)
  to   space 95744K, 0% used [0x00000000f4480000,0x00000000f4480000,0x00000000fa200000)
 ParOldGen       total 249344K, used 185758K [0x0000000080000000, 0x000000008f380000, 0x00000000d5580000)
  object space 249344K, 74% used [0x0000000080000000,0x000000008b567b20,0x000000008f380000)
 Metaspace       used 120716K, capacity 126952K, committed 129944K, reserved 1163264K
  class space    used 15210K, capacity 16374K, committed 17072K, reserved 1048576K
}
Event: 7193.818 GC heap before
{Heap before GC invocations=77 (full 6):
 PSYoungGen      total 603136K, used 525298K [0x00000000d5580000, 0x0000000100000000, 0x0000000100000000)
  eden space 506880K, 100% used [0x00000000d5580000,0x00000000f4480000,0x00000000f4480000)
  from space 96256K, 19% used [0x00000000fa200000,0x00000000fb3fcb98,0x0000000100000000)
  to   space 95744K, 0% used [0x00000000f4480000,0x00000000f4480000,0x00000000fa200000)
 ParOldGen       total 249344K, used 185758K [0x0000000080000000, 0x000000008f380000, 0x00000000d5580000)
  object space 249344K, 74% used [0x0000000080000000,0x000000008b567b20,0x000000008f380000)
 Metaspace       used 121271K, capacity 127848K, committed 129944K, reserved 1163264K
  class space    used 15284K, capacity 16477K, committed 17072K, reserved 1048576K
Event: 7193.872 GC heap after
Heap after GC invocations=77 (full 6):
 PSYoungGen      total 522752K, used 15665K [0x00000000d5580000, 0x00000000ff580000, 0x0000000100000000)
  eden space 506880K, 0% used [0x00000000d5580000,0x00000000d5580000,0x00000000f4480000)
  from space 15872K, 98% used [0x00000000f4480000,0x00000000f53cc6c0,0x00000000f5400000)
  to   space 90624K, 0% used [0x00000000f9d00000,0x00000000f9d00000,0x00000000ff580000)
 ParOldGen       total 249344K, used 189269K [0x0000000080000000, 0x000000008f380000, 0x00000000d5580000)
  object space 249344K, 75% used [0x0000000080000000,0x000000008b8d5500,0x000000008f380000)
 Metaspace       used 121271K, capacity 127848K, committed 129944K, reserved 1163264K
  class space    used 15284K, capacity 16477K, committed 17072K, reserved 1048576K
}
Event: 7727.444 GC heap before
{Heap before GC invocations=78 (full 6):
 PSYoungGen      total 522752K, used 522545K [0x00000000d5580000, 0x00000000ff580000, 0x0000000100000000)
  eden space 506880K, 100% used [0x00000000d5580000,0x00000000f4480000,0x00000000f4480000)
  from space 15872K, 98% used [0x00000000f4480000,0x00000000f53cc6c0,0x00000000f5400000)
  to   space 90624K, 0% used [0x00000000f9d00000,0x00000000f9d00000,0x00000000ff580000)
 ParOldGen       total 249344K, used 189269K [0x0000000080000000, 0x000000008f380000, 0x00000000d5580000)
  object space 249344K, 75% used [0x0000000080000000,0x000000008b8d5500,0x000000008f380000)
 Metaspace       used 122268K, capacity 130058K, committed 131480K, reserved 1163264K
  class space    used 15472K, capacity 16824K, committed 17328K, reserved 1048576K
Event: 7727.568 GC heap after
Heap after GC invocations=78 (full 6):
 PSYoungGen      total 601600K, used 15090K [0x00000000d5580000, 0x0000000100000000, 0x0000000100000000)
  eden space 510976K, 0% used [0x00000000d5580000,0x00000000d5580000,0x00000000f4880000)
  from space 90624K, 16% used [0x00000000f9d00000,0x00000000fabbcbe8,0x00000000ff580000)
  to   space 86528K, 0% used [0x00000000f4880000,0x00000000f4880000,0x00000000f9d00000)
 ParOldGen       total 249344K, used 191263K [0x0000000080000000, 0x000000008f380000, 0x00000000d5580000)
  object space 249344K, 76% used [0x0000000080000000,0x000000008bac7c48,0x000000008f380000)
 Metaspace       used 122268K, capacity 130058K, committed 131480K, reserved 1163264K
  class space    used 15472K, capacity 16824K, committed 17328K, reserved 1048576K
}
Event: 8552.264 GC heap before
{Heap before GC invocations=79 (full 6):
 PSYoungGen      total 601600K, used 525423K [0x00000000d5580000, 0x0000000100000000, 0x0000000100000000)
  eden space 510976K, 99% used [0x00000000d5580000,0x00000000f47df048,0x00000000f4880000)
  from space 90624K, 16% used [0x00000000f9d00000,0x00000000fabbcbe8,0x00000000ff580000)
  to   space 86528K, 0% used [0x00000000f4880000,0x00000000f4880000,0x00000000f9d00000)
 ParOldGen       total 249344K, used 191263K [0x0000000080000000, 0x000000008f380000, 0x00000000d5580000)
  object space 249344K, 76% used [0x0000000080000000,0x000000008bac7c48,0x000000008f380000)
 Metaspace       used 122683K, capacity 131014K, committed 132376K, reserved 1165312K
  class space    used 15545K, capacity 16960K, committed 17456K, reserved 1048576K
Event: 8552.570 GC heap after
Heap after GC invocations=79 (full 6):
 PSYoungGen      total 597504K, used 36287K [0x00000000d5580000, 0x00000000ff800000, 0x0000000100000000)
  eden space 510976K, 0% used [0x00000000d5580000,0x00000000d5580000,0x00000000f4880000)
  from space 86528K, 41% used [0x00000000f4880000,0x00000000f6befd40,0x00000000f9d00000)
  to   space 84480K, 0% used [0x00000000fa580000,0x00000000fa580000,0x00000000ff800000)
 ParOldGen       total 249344K, used 192244K [0x0000000080000000, 0x000000008f380000, 0x00000000d5580000)
  object space 249344K, 77% used [0x0000000080000000,0x000000008bbbd258,0x000000008f380000)
 Metaspace       used 122683K, capacity 131014K, committed 132376K, reserved 1165312K
  class space    used 15545K, capacity 16960K, committed 17456K, reserved 1048576K
}
Event: 9072.649 GC heap before
{Heap before GC invocations=80 (full 6):
 PSYoungGen      total 597504K, used 547263K [0x00000000d5580000, 0x00000000ff800000, 0x0000000100000000)
  eden space 510976K, 100% used [0x00000000d5580000,0x00000000f4880000,0x00000000f4880000)
  from space 86528K, 41% used [0x00000000f4880000,0x00000000f6befd40,0x00000000f9d00000)
  to   space 84480K, 0% used [0x00000000fa580000,0x00000000fa580000,0x00000000ff800000)
 ParOldGen       total 249344K, used 192244K [0x0000000080000000, 0x000000008f380000, 0x00000000d5580000)
  object space 249344K, 77% used [0x0000000080000000,0x000000008bbbd258,0x000000008f380000)
 Metaspace       used 122949K, capacity 131494K, committed 132632K, reserved 1165312K
  class space    used 15582K, capacity 17028K, committed 17456K, reserved 1048576K
Event: 9073.001 GC heap after
Heap after GC invocations=80 (full 6):
 PSYoungGen      total 608256K, used 15089K [0x00000000d5580000, 0x00000000ff600000, 0x0000000100000000)
  eden space 525824K, 0% used [0x00000000d5580000,0x00000000d5580000,0x00000000f5700000)
  from space 82432K, 18% used [0x00000000fa580000,0x00000000fb43c758,0x00000000ff600000)
  to   space 80384K, 0% used [0x00000000f5700000,0x00000000f5700000,0x00000000fa580000)
 ParOldGen       total 249344K, used 192970K [0x0000000080000000, 0x000000008f380000, 0x00000000d5580000)
  object space 249344K, 77% used [0x0000000080000000,0x000000008bc72848,0x000000008f380000)
 Metaspace       used 122949K, capacity 131494K, committed 132632K, reserved 1165312K
  class space    used 15582K, capacity 17028K, committed 17456K, reserved 1048576K
}

Deoptimization events (10 events):
Event: 7744.279 Thread 0x000000001f0a3000 Uncommon trap: reason=class_check action=maybe_recompile pc=0x00000000056725c0 method=java.util.Collections$SetFromMap.size()I @ 4
Event: 8551.748 Thread 0x00000000287e8000 Uncommon trap: reason=bimorphic action=maybe_recompile pc=0x00000000057e46a4 method=com.sun.org.apache.xerces.internal.dom.ElementImpl.getAttributes()Lorg/w3c/dom/NamedNodeMap; @ 8
Event: 8555.214 Thread 0x00000000287e8000 Uncommon trap: reason=speculate_class_check action=maybe_recompile pc=0x0000000007246d98 method=java.nio.charset.CharsetDecoder.decode(Ljava/nio/ByteBuffer;Ljava/nio/CharBuffer;Z)Ljava/nio/charset/CoderResult; @ 57
Event: 8555.294 Thread 0x00000000287e8000 Uncommon trap: reason=bimorphic action=maybe_recompile pc=0x0000000003eccc48 method=java.nio.charset.CharsetDecoder.reset()Ljava/nio/charset/CharsetDecoder; @ 1
Event: 8572.505 Thread 0x00000000287e8000 Uncommon trap: reason=array_check action=maybe_recompile pc=0x0000000008701748 method=java.util.ComparableTimSort.mergeHi(IIII)V @ 171
Event: 9070.306 Thread 0x00000000287f2000 Uncommon trap: reason=unstable_if action=reinterpret pc=0x0000000005aa11f4 method=java.util.concurrent.locks.AbstractQueuedSynchronizer.hasQueuedPredecessors()Z @ 21
Event: 9070.682 Thread 0x00000000287ec000 Uncommon trap: reason=speculate_class_check action=maybe_recompile pc=0x00000000086f2dec method=com.android.ide.common.resources.ResourceMerger.buildCache()V @ 125
Event: 9072.315 Thread 0x00000000287ec000 Uncommon trap: reason=speculate_class_check action=maybe_recompile pc=0x0000000007416ed8 method=java.nio.charset.CharsetDecoder.reset()Ljava/nio/charset/CharsetDecoder; @ 1
Event: 9090.172 Thread 0x0000000019bb3800 Uncommon trap: reason=class_check action=maybe_recompile pc=0x0000000007ce0398 method=org.gradle.api.internal.tasks.compile.incremental.deps.ClassSetAnalysisData.getDependents(Ljava/lang/String;)Lorg/gradle/api/internal/tasks/compile/incremental/deps/Depe
Event: 9093.799 Thread 0x0000000019bb3800 Uncommon trap: reason=array_check action=maybe_recompile pc=0x0000000008701748 method=java.util.ComparableTimSort.mergeHi(IIII)V @ 171

Classes redefined (0 events):
No events

Internal exceptions (10 events):
Event: 9096.236 Thread 0x000000001f098800 Exception <a 'sun/nio/fs/WindowsException'> (0x00000000e36c9648) thrown at [C:\src\AOSP-openjdk-git\hotspot\src\share\vm\prims\jni.cpp, line 710]
Event: 9096.244 Thread 0x000000001f098800 Exception <a 'sun/nio/fs/WindowsException'> (0x00000000e36cf1b0) thrown at [C:\src\AOSP-openjdk-git\hotspot\src\share\vm\prims\jni.cpp, line 710]
Event: 9096.248 Thread 0x000000001f098800 Exception <a 'sun/nio/fs/WindowsException'> (0x00000000e36d60d0) thrown at [C:\src\AOSP-openjdk-git\hotspot\src\share\vm\prims\jni.cpp, line 710]
Event: 9096.250 Thread 0x000000001f098800 Exception <a 'sun/nio/fs/WindowsException'> (0x00000000e3acb740) thrown at [C:\src\AOSP-openjdk-git\hotspot\src\share\vm\prims\jni.cpp, line 710]
Event: 9096.253 Thread 0x000000001f098800 Exception <a 'sun/nio/fs/WindowsException'> (0x00000000e3ad1108) thrown at [C:\src\AOSP-openjdk-git\hotspot\src\share\vm\prims\jni.cpp, line 710]
Event: 9096.257 Thread 0x000000001f098800 Exception <a 'sun/nio/fs/WindowsException'> (0x00000000e3ad7a00) thrown at [C:\src\AOSP-openjdk-git\hotspot\src\share\vm\prims\jni.cpp, line 710]
Event: 9096.836 Thread 0x0000000019bbf800 Exception <a 'sun/nio/fs/WindowsException'> (0x00000000e6668238) thrown at [C:\src\AOSP-openjdk-git\hotspot\src\share\vm\prims\jni.cpp, line 710]
Event: 9097.112 Thread 0x000000002408f800 Exception <a 'sun/nio/fs/WindowsException'> (0x00000000e8118310) thrown at [C:\src\AOSP-openjdk-git\hotspot\src\share\vm\prims\jni.cpp, line 710]
Event: 9352.369 Thread 0x0000000019bbe800 Exception <a 'sun/nio/fs/WindowsException'> (0x00000000ea373300) thrown at [C:\src\AOSP-openjdk-git\hotspot\src\share\vm\prims\jni.cpp, line 710]
Event: 9358.655 Thread 0x0000000019bbe800 Exception <a 'sun/nio/fs/WindowsException'> (0x00000000ea8f6170) thrown at [C:\src\AOSP-openjdk-git\hotspot\src\share\vm\prims\jni.cpp, line 710]

Events (10 events):
Event: 9361.314 Thread 0x00000000174b1000 flushing nmethod 0x0000000008697b10
Event: 9361.314 Thread 0x00000000174b1000 flushing nmethod 0x0000000008698350
Event: 9361.398 Executing VM operation: RevokeBias
Event: 9361.417 Executing VM operation: RevokeBias done
Event: 9361.444 Executing VM operation: RevokeBias
Event: 9361.484 Executing VM operation: RevokeBias done
Event: 9361.484 Executing VM operation: RevokeBias
Event: 9361.485 Executing VM operation: RevokeBias done
Event: 9361.485 Executing VM operation: RevokeBias
Event: 9361.546 Executing VM operation: RevokeBias done


Dynamic libraries:
0x00007ff73bfe0000 - 0x00007ff73c011000 	C:\Program Files\Android\Android Studio\jre\bin\java.exe
0x00007ffe9dc90000 - 0x00007ffe9de85000 	C:\WINDOWS\SYSTEM32\ntdll.dll
0x00007ffe9cfd0000 - 0x00007ffe9d08d000 	C:\WINDOWS\System32\KERNEL32.DLL
0x00007ffe9b8e0000 - 0x00007ffe9bba9000 	C:\WINDOWS\System32\KERNELBASE.dll
0x00007ffe9bfd0000 - 0x00007ffe9c07c000 	C:\WINDOWS\System32\ADVAPI32.dll
0x00007ffe9d210000 - 0x00007ffe9d2ae000 	C:\WINDOWS\System32\msvcrt.dll
0x00007ffe9d350000 - 0x00007ffe9d3eb000 	C:\WINDOWS\System32\sechost.dll
0x00007ffe9c080000 - 0x00007ffe9c1aa000 	C:\WINDOWS\System32\RPCRT4.dll
0x00007ffe9bd00000 - 0x00007ffe9bea0000 	C:\WINDOWS\System32\USER32.dll
0x00007ffe9b7a0000 - 0x00007ffe9b7c2000 	C:\WINDOWS\System32\win32u.dll
0x00007ffe9c2c0000 - 0x00007ffe9c2ea000 	C:\WINDOWS\System32\GDI32.dll
0x00007ffe9b7d0000 - 0x00007ffe9b8db000 	C:\WINDOWS\System32\gdi32full.dll
0x00007ffe9b700000 - 0x00007ffe9b79d000 	C:\WINDOWS\System32\msvcp_win.dll
0x00007ffe9b3c0000 - 0x00007ffe9b4c0000 	C:\WINDOWS\System32\ucrtbase.dll
0x00007ffe85b50000 - 0x00007ffe85dea000 	C:\WINDOWS\WinSxS\amd64_microsoft.windows.common-controls_6595b64144ccf1df_6.0.19041.1110_none_60b5254171f9507e\COMCTL32.dll
0x00007ffe9c290000 - 0x00007ffe9c2c0000 	C:\WINDOWS\System32\IMM32.DLL
0x000000006edc0000 - 0x000000006ee92000 	C:\Program Files\Android\Android Studio\jre\jre\bin\msvcr100.dll
0x000000006ef80000 - 0x000000006f7cb000 	C:\Program Files\Android\Android Studio\jre\jre\bin\server\jvm.dll
0x00007ffe9c9e0000 - 0x00007ffe9c9e8000 	C:\WINDOWS\System32\PSAPI.DLL
0x00007ffe92e70000 - 0x00007ffe92e97000 	C:\WINDOWS\SYSTEM32\WINMM.dll
0x00007ffe92ea0000 - 0x00007ffe92eaa000 	C:\WINDOWS\SYSTEM32\VERSION.dll
0x00007ffe81080000 - 0x00007ffe81089000 	C:\WINDOWS\SYSTEM32\WSOCK32.dll
0x00007ffe9dbe0000 - 0x00007ffe9dc4b000 	C:\WINDOWS\System32\WS2_32.dll
0x00007ffe816c0000 - 0x00007ffe816cf000 	C:\Program Files\Android\Android Studio\jre\jre\bin\verify.dll
0x00007ffe80a20000 - 0x00007ffe80a49000 	C:\Program Files\Android\Android Studio\jre\jre\bin\java.dll
0x00007ffe809e0000 - 0x00007ffe809f6000 	C:\Program Files\Android\Android Studio\jre\jre\bin\zip.dll
0x00007ffe9d3f0000 - 0x00007ffe9db2f000 	C:\WINDOWS\System32\SHELL32.dll
0x00007ffe99170000 - 0x00007ffe99900000 	C:\WINDOWS\SYSTEM32\windows.storage.dll
0x00007ffe9cbb0000 - 0x00007ffe9cf05000 	C:\WINDOWS\System32\combase.dll
0x00007ffe9ad50000 - 0x00007ffe9ad7c000 	C:\WINDOWS\SYSTEM32\Wldp.dll
0x00007ffe9c2f0000 - 0x00007ffe9c39e000 	C:\WINDOWS\System32\SHCORE.dll
0x00007ffe9cf10000 - 0x00007ffe9cf65000 	C:\WINDOWS\System32\shlwapi.dll
0x00007ffe9b300000 - 0x00007ffe9b31f000 	C:\WINDOWS\SYSTEM32\profapi.dll
0x00007ffe80960000 - 0x00007ffe8097a000 	C:\Program Files\Android\Android Studio\jre\jre\bin\net.dll
0x00007ffe9aab0000 - 0x00007ffe9ab1a000 	C:\WINDOWS\system32\mswsock.dll
0x00007ffe80990000 - 0x00007ffe809a3000 	C:\Program Files\Android\Android Studio\jre\jre\bin\nio.dll
0x00007ffe83d60000 - 0x00007ffe83d87000 	C:\Users\singh\.gradle\native\f6784746aeab05261644944871eae4fe03e0ef1612fff0a4a95f87b438bc6780\windows-amd64\native-platform.dll
0x00007ffe80980000 - 0x00007ffe8098d000 	C:\Program Files\Android\Android Studio\jre\jre\bin\management.dll
0x00007ffe9aca0000 - 0x00007ffe9acb8000 	C:\WINDOWS\SYSTEM32\CRYPTSP.dll
0x00007ffe9a430000 - 0x00007ffe9a464000 	C:\WINDOWS\system32\rsaenh.dll
0x00007ffe9b570000 - 0x00007ffe9b597000 	C:\WINDOWS\System32\bcrypt.dll
0x00007ffe9b2c0000 - 0x00007ffe9b2ee000 	C:\WINDOWS\SYSTEM32\USERENV.dll
0x00007ffe9bc60000 - 0x00007ffe9bce3000 	C:\WINDOWS\System32\bcryptprimitives.dll
0x00007ffe9acc0000 - 0x00007ffe9accc000 	C:\WINDOWS\SYSTEM32\CRYPTBASE.dll
0x00007ffe9a7a0000 - 0x00007ffe9a7db000 	C:\WINDOWS\SYSTEM32\IPHLPAPI.DLL
0x00007ffe9bcf0000 - 0x00007ffe9bcf8000 	C:\WINDOWS\System32\NSI.dll
0x00007ffe8f480000 - 0x00007ffe8f497000 	C:\WINDOWS\SYSTEM32\dhcpcsvc6.DLL
0x00007ffe8f550000 - 0x00007ffe8f56d000 	C:\WINDOWS\SYSTEM32\dhcpcsvc.DLL
0x00007ffe9a7e0000 - 0x00007ffe9a8ac000 	C:\WINDOWS\SYSTEM32\DNSAPI.dll
0x00007ffe8f6c0000 - 0x00007ffe8f6cb000 	C:\WINDOWS\SYSTEM32\WINNSI.DLL
0x00007ffe6d320000 - 0x00007ffe6d344000 	C:\Program Files\Android\Android Studio\jre\jre\bin\sunec.dll
0x00007ffe8eae0000 - 0x00007ffe8eaeb000 	C:\Program Files\Android\Android Studio\jre\jre\bin\sunmscapi.dll
0x00007ffe9b5a0000 - 0x00007ffe9b6ff000 	C:\WINDOWS\System32\CRYPT32.dll
0x00007ffe8c6c0000 - 0x00007ffe8c6ca000 	C:\Windows\System32\rasadhlp.dll
0x00007ffe8b5a0000 - 0x00007ffe8b61f000 	C:\WINDOWS\System32\fwpuclnt.dll
0x00007ffe9a0c0000 - 0x00007ffe9a0f3000 	C:\WINDOWS\SYSTEM32\ntmarta.dll
0x00007ffe98a20000 - 0x00007ffe98ab0000 	C:\WINDOWS\system32\apphelp.dll
0x00007ffe99a40000 - 0x00007ffe99c24000 	C:\WINDOWS\SYSTEM32\dbghelp.dll

VM Arguments:
jvm_args: -Xmx2048m -Dfile.encoding=UTF-8 -Duser.country=IN -Duser.language=en -Duser.variant 
java_command: org.gradle.launcher.daemon.bootstrap.GradleDaemon 6.5
java_class_path (initial): C:\Users\singh\.gradle\wrapper\dists\gradle-6.5-bin\6nifqtx7604sqp1q6g8wikw7p\gradle-6.5\lib\gradle-launcher-6.5.jar
Launcher Type: SUN_STANDARD

Environment Variables:
PATH=C:\Program Files\Common Files\Oracle\Java\javapath;C:\Program Files\mingw-w64\mingw64\bin;C:\WINDOWS\system32;C:\WINDOWS;C:\WINDOWS\System32\Wbem;C:\WINDOWS\System32\WindowsPowerShell\v1.0\;C:\WINDOWS\System32\OpenSSH\;C:\Program Files (x86)\Brackets\command;C:\Program Files\dotnet\;C:\Program Files\CodeBlocks\MinGW\bin;C:\Program Files\Git\cmd;C:\Users\singh\AppData\Local\Microsoft\WindowsApps;C:\Program Files\JetBrains\IntelliJ IDEA Community Edition 2020.3.1\bin;;C:\Users\singh\AppData\Local\Programs\Microsoft VS Code\bin;C:\Program Files (x86)\mingw-w64\i686-8.1.0-posix-dwarf-rt_v6-rev0\mingw32\bin;
USERNAME=singh
OS=Windows_NT
PROCESSOR_IDENTIFIER=AMD64 Family 23 Model 24 Stepping 1, AuthenticAMD



---------------  S Y S T E M  ---------------

OS: Windows 10.0 , 64 bit Build 19041 (10.0.19041.1151)

CPU:total 4 (initial active 4) (4 cores per cpu, 1 threads per core) family 23 model 24 stepping 1, cmov, cx8, fxsr, mmx, sse, sse2, sse3, ssse3, sse4.1, sse4.2, popcnt, avx, avx2, aes, clmul, mmxext, 3dnowpref, lzcnt, sse4a, tsc, tscinvbit, tscinv, bmi1

Memory: 4k page, physical 6164676k(365184k free), swap 12474600k(2175004k free)

vm_info: OpenJDK 64-Bit Server VM (25.242-b01) for windows-amd64 JRE (1.8.0_242-release-1644-b01), built by "builder" with MS VC++ 10.0 (VS2010)

time: Sat Sep 11 19:27:16 2021
timezone: India Standard Time
elapsed time: 9364 seconds (0d 2h 36m 4s)

